Determining if the pthread_create exist failed with the following output:
Change Dir: /home/ckp/dlib-19.7/examples/build/CMakeFiles/CMakeTmp

Run Build Command:/usr/bin/make "cmTryCompileExec165958857/fast"
/usr/bin/make -f CMakeFiles/cmTryCompileExec165958857.dir/build.make CMakeFiles/cmTryCompileExec165958857.dir/build
make[1]: Entering directory `/home/ckp/dlib-19.7/examples/build/CMakeFiles/CMakeTmp'
/usr/bin/cmake -E cmake_progress_report /home/ckp/dlib-19.7/examples/build/CMakeFiles/CMakeTmp/CMakeFiles 1
Building C object CMakeFiles/cmTryCompileExec165958857.dir/CheckSymbolExists.c.o
/usr/bin/cc    -o CMakeFiles/cmTryCompileExec165958857.dir/CheckSymbolExists.c.o   -c /home/ckp/dlib-19.7/examples/build/CMakeFiles/CMakeTmp/CheckSymbolExists.c
Linking C executable cmTryCompileExec165958857
/usr/bin/cmake -E cmake_link_script CMakeFiles/cmTryCompileExec165958857.dir/link.txt --verbose=1
/usr/bin/cc       CMakeFiles/cmTryCompileExec165958857.dir/CheckSymbolExists.c.o  -o cmTryCompileExec165958857 -rdynamic 
CMakeFiles/cmTryCompileExec165958857.dir/CheckSymbolExists.c.o: In function `main':
CheckSymbolExists.c:(.text+0x16): undefined reference to `pthread_create'
collect2: error: ld returned 1 exit status
make[1]: Leaving directory `/home/ckp/dlib-19.7/examples/build/CMakeFiles/CMakeTmp'
make[1]: *** [cmTryCompileExec165958857] Error 1
make: *** [cmTryCompileExec165958857/fast] Error 2

File /home/ckp/dlib-19.7/examples/build/CMakeFiles/CMakeTmp/CheckSymbolExists.c:
/* */
#include <pthread.h>

int main(int argc, char** argv)
{
  (void)argv;
#ifndef pthread_create
  return ((int*)(&pthread_create))[argc];
#else
  (void)argc;
  return 0;
#endif
}

Determining if the function pthread_create exists in the pthreads failed with the following output:
Change Dir: /home/ckp/dlib-19.7/examples/build/CMakeFiles/CMakeTmp

Run Build Command:/usr/bin/make "cmTryCompileExec4261361281/fast"
/usr/bin/make -f CMakeFiles/cmTryCompileExec4261361281.dir/build.make CMakeFiles/cmTryCompileExec4261361281.dir/build
make[1]: Entering directory `/home/ckp/dlib-19.7/examples/build/CMakeFiles/CMakeTmp'
/usr/bin/cmake -E cmake_progress_report /home/ckp/dlib-19.7/examples/build/CMakeFiles/CMakeTmp/CMakeFiles 1
Building C object CMakeFiles/cmTryCompileExec4261361281.dir/CheckFunctionExists.c.o
/usr/bin/cc   -DCHECK_FUNCTION_EXISTS=pthread_create   -o CMakeFiles/cmTryCompileExec4261361281.dir/CheckFunctionExists.c.o   -c /usr/share/cmake-2.8/Modules/CheckFunctionExists.c
Linking C executable cmTryCompileExec4261361281
/usr/bin/cmake -E cmake_link_script CMakeFiles/cmTryCompileExec4261361281.dir/link.txt --verbose=1
/usr/bin/cc   -DCHECK_FUNCTION_EXISTS=pthread_create    CMakeFiles/cmTryCompileExec4261361281.dir/CheckFunctionExists.c.o  -o cmTryCompileExec4261361281 -rdynamic -lpthreads 
/usr/bin/ld: cannot find -lpthreads
collect2: error: ld returned 1 exit status
make[1]: Leaving directory `/home/ckp/dlib-19.7/examples/build/CMakeFiles/CMakeTmp'
make[1]: *** [cmTryCompileExec4261361281] Error 1
make: *** [cmTryCompileExec4261361281/fast] Error 2


